2020-10-10T20:28:33.209+0800	INFO	middleware/middleware.go:56	The time cost is 0
2020-10-10T20:29:29.413+0800	INFO	middleware/middleware.go:53	The time cost is 1
2020-10-10T23:01:52.661+0800	INFO	middleware/middleware.go:53	The time cost is 89
2020-10-10T23:05:13.017+0800	INFO	middleware/middleware.go:53	The time cost is 68
2020-10-10T23:08:29.812+0800	INFO	middleware/middleware.go:53	The time cost is 0
2020-10-10T23:08:58.123+0800	INFO	middleware/middleware.go:53	The time cost is 68
2020-10-10T23:09:06.099+0800	INFO	middleware/middleware.go:53	The time cost is 0
2020-10-10T23:09:12.002+0800	INFO	middleware/middleware.go:53	The time cost is 66
2020-10-10T23:09:15.532+0800	INFO	middleware/middleware.go:53	The time cost is 67
2020-10-25T14:53:48.705+0800	ERROR	middleware/middleware.go:39	program can not find the struct matched the request!
2020-10-25T15:05:33.892+0800	INFO	middleware/middleware.go:53	The time cost is 5
2020-10-26T11:24:25.662+0800	INFO	middleware/middleware.go:53	The time cost is 0
2020-10-26T11:24:33.744+0800	INFO	middleware/middleware.go:53	The time cost is 65
2020-10-26T20:08:35.907+0800	INFO	middleware/middleware.go:53	The time cost is 3
2020-10-26T20:15:15.275+0800	INFO	middleware/middleware.go:53	The time cost is 1
2020-10-26T20:30:28.473+0800	INFO	middleware/middleware.go:53	The time cost is 1
2020-10-26T21:59:37.860+0800	INFO	middleware/middleware.go:53	The time cost is 68
2020-10-26T21:59:46.518+0800	INFO	middleware/middleware.go:53	The time cost is 66
2020-10-26T21:59:52.260+0800	INFO	middleware/middleware.go:53	The time cost is 68
2020-10-26T22:01:52.612+0800	ERROR	middleware/middleware.go:35	parse json error:EOF
2020-10-26T22:03:56.902+0800	DEBUG	middleware/middleware.go:31	c.Request.Method
2020-10-26T22:03:56.903+0800	ERROR	middleware/middleware.go:38	parse json error:EOF
2020-10-26T22:04:45.817+0800	DEBUG	middleware/middleware.go:31	GET
2020-10-26T22:04:45.817+0800	ERROR	middleware/middleware.go:38	parse json error:EOF
2020-10-26T22:12:29.879+0800	INFO	middleware/middleware.go:61	The time cost is 68
2020-10-26T22:12:34.571+0800	INFO	middleware/middleware.go:61	The time cost is 0
2020-10-26T22:15:13.353+0800	ERROR	api/entrance.go:48	

[31m2020/10/26 22:15:13 [Recovery] 2020/10/26 - 22:15:13 panic recovered:
GET /api/articles HTTP/1.1
Host: 127.0.0.1:8080
Accept: */*
Accept-Encoding: gzip, deflate, br
Accept-Language: zh-CN,zh;q=0.9
Cache-Control: no-cache
Connection: keep-alive
Postman-Token: 43255eea-5462-e12e-280e-be75e5a413d7
Sec-Fetch-Dest: empty
Sec-Fetch-Mode: cors
Sec-Fetch-Site: none
User-Agent: Mozilla/5.0 (Macintosh; Intel Mac OS X 10_15_4) AppleWebKit/537.36 (KHTML, like Gecko) Chrome/86.0.4240.111 Safari/537.36
X-Postman-Interceptor-Id: 14c77ee8-b8e0-d82c-5157-6f56d88b1b07


reflect: reflect.Value.Set using unaddressable value
/usr/local/Cellar/go/1.15.2/libexec/src/reflect/value.go:259 (0x109d917)
	flag.mustBeAssignableSlow: panic("reflect: " + methodNameSkip() + " using unaddressable value")
/usr/local/Cellar/go/1.15.2/libexec/src/reflect/value.go:246 (0x10a3ffa)
	flag.mustBeAssignable: f.mustBeAssignableSlow()
/usr/local/Cellar/go/1.15.2/libexec/src/reflect/value.go:1548 (0x10a3fe1)
	Value.Set: v.mustBeAssignable()
/Users/marathon/Work/mygo/pkg/mod/gorm.io/gorm@v1.20.2/scan.go:109 (0x15cff5c)
	Scan: db.Statement.ReflectValue.Set(reflect.MakeSlice(db.Statement.ReflectValue.Type(), 0, 0))
/Users/marathon/Work/mygo/pkg/mod/gorm.io/gorm@v1.20.2/callbacks/query.go:34 (0x1648d04)
	Query: gorm.Scan(rows, db, false)
/Users/marathon/Work/mygo/pkg/mod/gorm.io/gorm@v1.20.2/callbacks.go:101 (0x15c205c)
	(*processor).Execute: f(db)
/Users/marathon/Work/mygo/pkg/mod/gorm.io/gorm@v1.20.2/finisher_api.go:113 (0x15c75b9)
	(*DB).Find: tx.callbacks.Query().Execute(tx)
/Users/marathon/Work/mygo/src/github.com/nk-akun/NeighborBBS/repository/article_repo.go:35 (0x15e221b)
	(*articleRepository).GetArticleFields: db.Select(fields).Order(fmt.Sprintf("%s %s", sortby, order)).Limit(limit).Find(articles)
/Users/marathon/Work/mygo/src/github.com/nk-akun/NeighborBBS/service/articles.go:36 (0x165e3ad)
	(*articleService).GetArticleList: articles := repository.ArticleRepository.GetArticleFields(util.DB(), fields, limit, sortby, asc)
/Users/marathon/Work/mygo/src/github.com/nk-akun/NeighborBBS/api/guest/articles.go:50 (0x165f704)
	GetArticleList: resp, err := service.ArticleService.GetArticleList(limitNum, sortby, func(order string) bool {
/Users/marathon/Work/mygo/pkg/mod/github.com/gin-gonic/gin@v1.6.3/context.go:161 (0x155cbba)
	(*Context).Next: c.handlers[c.index](c)
/Users/marathon/Work/mygo/src/github.com/nk-akun/NeighborBBS/middleware/middleware.go:58 (0x1660244)
	ReponseHandler.func1: c.Next()
/Users/marathon/Work/mygo/pkg/mod/github.com/gin-gonic/gin@v1.6.3/context.go:161 (0x155cbba)
	(*Context).Next: c.handlers[c.index](c)
/Users/marathon/Work/mygo/src/github.com/nk-akun/NeighborBBS/middleware/middleware.go:50 (0x165fd36)
	JSONRequestContextHandler.func1: c.Next()
/Users/marathon/Work/mygo/pkg/mod/github.com/gin-gonic/gin@v1.6.3/context.go:161 (0x155cbba)
	(*Context).Next: c.handlers[c.index](c)
/Users/marathon/Work/mygo/pkg/mod/github.com/gin-gonic/gin@v1.6.3/recovery.go:83 (0x156f864)
	RecoveryWithWriter.func1: c.Next()
/Users/marathon/Work/mygo/pkg/mod/github.com/gin-gonic/gin@v1.6.3/context.go:161 (0x155cbba)
	(*Context).Next: c.handlers[c.index](c)
/Users/marathon/Work/mygo/pkg/mod/github.com/gin-gonic/gin@v1.6.3/gin.go:409 (0x1566bd9)
	(*Engine).handleHTTPRequest: c.Next()
/Users/marathon/Work/mygo/pkg/mod/github.com/gin-gonic/gin@v1.6.3/gin.go:367 (0x15662cc)
	(*Engine).ServeHTTP: engine.handleHTTPRequest(c)
/usr/local/Cellar/go/1.15.2/libexec/src/net/http/server.go:2843 (0x12e8a02)
	serverHandler.ServeHTTP: handler.ServeHTTP(rw, req)
/usr/local/Cellar/go/1.15.2/libexec/src/net/http/server.go:1925 (0x12e410c)
	(*conn).serve: serverHandler{c.server}.ServeHTTP(w, w.req)
/usr/local/Cellar/go/1.15.2/libexec/src/runtime/asm_amd64.s:1374 (0x106bf20)
	goexit: BYTE	$0x90	// NOP
[0m

2020-10-26T22:18:32.643+0800	ERROR	api/entrance.go:48	

[31m2020/10/26 22:18:32 [Recovery] 2020/10/26 - 22:18:32 panic recovered:
GET /api/articles HTTP/1.1
Host: 127.0.0.1:8080
Accept: */*
Accept-Encoding: gzip, deflate, br
Accept-Language: zh-CN,zh;q=0.9
Cache-Control: no-cache
Connection: keep-alive
Postman-Token: f915541b-7e4d-ab2c-d9e1-72574e61a8e2
Sec-Fetch-Dest: empty
Sec-Fetch-Mode: cors
Sec-Fetch-Site: none
User-Agent: Mozilla/5.0 (Macintosh; Intel Mac OS X 10_15_4) AppleWebKit/537.36 (KHTML, like Gecko) Chrome/86.0.4240.111 Safari/537.36
X-Postman-Interceptor-Id: d2537756-45d2-8fe1-7beb-4106f6e3d8f3


runtime error: invalid memory address or nil pointer dereference
/usr/local/Cellar/go/1.15.2/libexec/src/runtime/panic.go:212 (0x104cb52)
	panicmem: panic(memoryError)
/usr/local/Cellar/go/1.15.2/libexec/src/runtime/signal_unix.go:720 (0x104c9d2)
	sigpanic: panicmem()
/Users/marathon/Work/mygo/src/github.com/nk-akun/NeighborBBS/service/articles.go:41 (0x165e46d)
	(*articleService).GetArticleList: articleResp.ArticleList[i].ArticleID = articles[i].ID
/Users/marathon/Work/mygo/src/github.com/nk-akun/NeighborBBS/api/guest/articles.go:50 (0x165f724)
	GetArticleList: resp, err := service.ArticleService.GetArticleList(limitNum, sortby, func(order string) bool {
/Users/marathon/Work/mygo/pkg/mod/github.com/gin-gonic/gin@v1.6.3/context.go:161 (0x155cbba)
	(*Context).Next: c.handlers[c.index](c)
/Users/marathon/Work/mygo/src/github.com/nk-akun/NeighborBBS/middleware/middleware.go:58 (0x1660264)
	ReponseHandler.func1: c.Next()
/Users/marathon/Work/mygo/pkg/mod/github.com/gin-gonic/gin@v1.6.3/context.go:161 (0x155cbba)
	(*Context).Next: c.handlers[c.index](c)
/Users/marathon/Work/mygo/src/github.com/nk-akun/NeighborBBS/middleware/middleware.go:50 (0x165fd56)
	JSONRequestContextHandler.func1: c.Next()
/Users/marathon/Work/mygo/pkg/mod/github.com/gin-gonic/gin@v1.6.3/context.go:161 (0x155cbba)
	(*Context).Next: c.handlers[c.index](c)
/Users/marathon/Work/mygo/pkg/mod/github.com/gin-gonic/gin@v1.6.3/recovery.go:83 (0x156f864)
	RecoveryWithWriter.func1: c.Next()
/Users/marathon/Work/mygo/pkg/mod/github.com/gin-gonic/gin@v1.6.3/context.go:161 (0x155cbba)
	(*Context).Next: c.handlers[c.index](c)
/Users/marathon/Work/mygo/pkg/mod/github.com/gin-gonic/gin@v1.6.3/gin.go:409 (0x1566bd9)
	(*Engine).handleHTTPRequest: c.Next()
/Users/marathon/Work/mygo/pkg/mod/github.com/gin-gonic/gin@v1.6.3/gin.go:367 (0x15662cc)
	(*Engine).ServeHTTP: engine.handleHTTPRequest(c)
/usr/local/Cellar/go/1.15.2/libexec/src/net/http/server.go:2843 (0x12e8a02)
	serverHandler.ServeHTTP: handler.ServeHTTP(rw, req)
/usr/local/Cellar/go/1.15.2/libexec/src/net/http/server.go:1925 (0x12e410c)
	(*conn).serve: serverHandler{c.server}.ServeHTTP(w, w.req)
/usr/local/Cellar/go/1.15.2/libexec/src/runtime/asm_amd64.s:1374 (0x106bf20)
	goexit: BYTE	$0x90	// NOP
[0m

2020-10-26T22:21:07.267+0800	ERROR	api/entrance.go:48	

[31m2020/10/26 22:21:07 [Recovery] 2020/10/26 - 22:21:07 panic recovered:
GET /api/articles HTTP/1.1
Host: 127.0.0.1:8080
Accept: */*
Accept-Encoding: gzip, deflate, br
Accept-Language: zh-CN,zh;q=0.9
Cache-Control: no-cache
Connection: keep-alive
Postman-Token: 3fc77bed-ec02-2f46-4bed-9102401dc20f
Sec-Fetch-Dest: empty
Sec-Fetch-Mode: cors
Sec-Fetch-Site: none
User-Agent: Mozilla/5.0 (Macintosh; Intel Mac OS X 10_15_4) AppleWebKit/537.36 (KHTML, like Gecko) Chrome/86.0.4240.111 Safari/537.36
X-Postman-Interceptor-Id: 6dd4f33d-d84d-bb79-78c9-d1a44ee84ae5


reflect: reflect.Value.Set using unaddressable value
/usr/local/Cellar/go/1.15.2/libexec/src/reflect/value.go:259 (0x109d917)
	flag.mustBeAssignableSlow: panic("reflect: " + methodNameSkip() + " using unaddressable value")
/usr/local/Cellar/go/1.15.2/libexec/src/reflect/value.go:246 (0x10a3ffa)
	flag.mustBeAssignable: f.mustBeAssignableSlow()
/usr/local/Cellar/go/1.15.2/libexec/src/reflect/value.go:1548 (0x10a3fe1)
	Value.Set: v.mustBeAssignable()
/Users/marathon/Work/mygo/pkg/mod/gorm.io/gorm@v1.20.2/scan.go:109 (0x15cff5c)
	Scan: db.Statement.ReflectValue.Set(reflect.MakeSlice(db.Statement.ReflectValue.Type(), 0, 0))
/Users/marathon/Work/mygo/pkg/mod/gorm.io/gorm@v1.20.2/callbacks/query.go:34 (0x1648d64)
	Query: gorm.Scan(rows, db, false)
/Users/marathon/Work/mygo/pkg/mod/gorm.io/gorm@v1.20.2/callbacks.go:101 (0x15c205c)
	(*processor).Execute: f(db)
/Users/marathon/Work/mygo/pkg/mod/gorm.io/gorm@v1.20.2/finisher_api.go:113 (0x15c75b9)
	(*DB).Find: tx.callbacks.Query().Execute(tx)
/Users/marathon/Work/mygo/src/github.com/nk-akun/NeighborBBS/repository/article_repo.go:35 (0x15e2267)
	(*articleRepository).GetArticleFields: db.Select(fields).Order(fmt.Sprintf("%s %s", sortby, order)).Limit(limit).Find(articles)
/Users/marathon/Work/mygo/src/github.com/nk-akun/NeighborBBS/service/articles.go:36 (0x165e40d)
	(*articleService).GetArticleList: articles := repository.ArticleRepository.GetArticleFields(util.DB(), fields, limit, sortby, asc)
/Users/marathon/Work/mygo/src/github.com/nk-akun/NeighborBBS/api/guest/articles.go:50 (0x165f764)
	GetArticleList: resp, err := service.ArticleService.GetArticleList(limitNum, sortby, func(order string) bool {
/Users/marathon/Work/mygo/pkg/mod/github.com/gin-gonic/gin@v1.6.3/context.go:161 (0x155cbba)
	(*Context).Next: c.handlers[c.index](c)
/Users/marathon/Work/mygo/src/github.com/nk-akun/NeighborBBS/middleware/middleware.go:58 (0x16602a4)
	ReponseHandler.func1: c.Next()
/Users/marathon/Work/mygo/pkg/mod/github.com/gin-gonic/gin@v1.6.3/context.go:161 (0x155cbba)
	(*Context).Next: c.handlers[c.index](c)
/Users/marathon/Work/mygo/src/github.com/nk-akun/NeighborBBS/middleware/middleware.go:50 (0x165fd96)
	JSONRequestContextHandler.func1: c.Next()
/Users/marathon/Work/mygo/pkg/mod/github.com/gin-gonic/gin@v1.6.3/context.go:161 (0x155cbba)
	(*Context).Next: c.handlers[c.index](c)
/Users/marathon/Work/mygo/pkg/mod/github.com/gin-gonic/gin@v1.6.3/recovery.go:83 (0x156f864)
	RecoveryWithWriter.func1: c.Next()
/Users/marathon/Work/mygo/pkg/mod/github.com/gin-gonic/gin@v1.6.3/context.go:161 (0x155cbba)
	(*Context).Next: c.handlers[c.index](c)
/Users/marathon/Work/mygo/pkg/mod/github.com/gin-gonic/gin@v1.6.3/gin.go:409 (0x1566bd9)
	(*Engine).handleHTTPRequest: c.Next()
/Users/marathon/Work/mygo/pkg/mod/github.com/gin-gonic/gin@v1.6.3/gin.go:367 (0x15662cc)
	(*Engine).ServeHTTP: engine.handleHTTPRequest(c)
/usr/local/Cellar/go/1.15.2/libexec/src/net/http/server.go:2843 (0x12e8a02)
	serverHandler.ServeHTTP: handler.ServeHTTP(rw, req)
/usr/local/Cellar/go/1.15.2/libexec/src/net/http/server.go:1925 (0x12e410c)
	(*conn).serve: serverHandler{c.server}.ServeHTTP(w, w.req)
/usr/local/Cellar/go/1.15.2/libexec/src/runtime/asm_amd64.s:1374 (0x106bf20)
	goexit: BYTE	$0x90	// NOP
[0m

2020-10-26T22:21:21.915+0800	ERROR	api/entrance.go:48	

[31m2020/10/26 22:21:21 [Recovery] 2020/10/26 - 22:21:21 panic recovered:
GET /api/articles HTTP/1.1
Host: 127.0.0.1:8080
Accept: */*
Accept-Encoding: gzip, deflate, br
Accept-Language: zh-CN,zh;q=0.9
Cache-Control: no-cache
Connection: keep-alive
Postman-Token: b4ff4390-b521-1dcd-bdac-4b31050e58ff
Sec-Fetch-Dest: empty
Sec-Fetch-Mode: cors
Sec-Fetch-Site: none
User-Agent: Mozilla/5.0 (Macintosh; Intel Mac OS X 10_15_4) AppleWebKit/537.36 (KHTML, like Gecko) Chrome/86.0.4240.111 Safari/537.36
X-Postman-Interceptor-Id: 5e49dd83-c739-5cd3-0198-f15b7660628c


runtime error: invalid memory address or nil pointer dereference
/usr/local/Cellar/go/1.15.2/libexec/src/runtime/panic.go:212 (0x104cb52)
	panicmem: panic(memoryError)
/usr/local/Cellar/go/1.15.2/libexec/src/runtime/signal_unix.go:720 (0x104c9d2)
	sigpanic: panicmem()
/Users/marathon/Work/mygo/src/github.com/nk-akun/NeighborBBS/service/articles.go:41 (0x165e4cd)
	(*articleService).GetArticleList: articleResp.ArticleList[i].ArticleID = articles[i].ID
/Users/marathon/Work/mygo/src/github.com/nk-akun/NeighborBBS/api/guest/articles.go:50 (0x165f784)
	GetArticleList: resp, err := service.ArticleService.GetArticleList(limitNum, sortby, func(order string) bool {
/Users/marathon/Work/mygo/pkg/mod/github.com/gin-gonic/gin@v1.6.3/context.go:161 (0x155cbba)
	(*Context).Next: c.handlers[c.index](c)
/Users/marathon/Work/mygo/src/github.com/nk-akun/NeighborBBS/middleware/middleware.go:58 (0x16602c4)
	ReponseHandler.func1: c.Next()
/Users/marathon/Work/mygo/pkg/mod/github.com/gin-gonic/gin@v1.6.3/context.go:161 (0x155cbba)
	(*Context).Next: c.handlers[c.index](c)
/Users/marathon/Work/mygo/src/github.com/nk-akun/NeighborBBS/middleware/middleware.go:50 (0x165fdb6)
	JSONRequestContextHandler.func1: c.Next()
/Users/marathon/Work/mygo/pkg/mod/github.com/gin-gonic/gin@v1.6.3/context.go:161 (0x155cbba)
	(*Context).Next: c.handlers[c.index](c)
/Users/marathon/Work/mygo/pkg/mod/github.com/gin-gonic/gin@v1.6.3/recovery.go:83 (0x156f864)
	RecoveryWithWriter.func1: c.Next()
/Users/marathon/Work/mygo/pkg/mod/github.com/gin-gonic/gin@v1.6.3/context.go:161 (0x155cbba)
	(*Context).Next: c.handlers[c.index](c)
/Users/marathon/Work/mygo/pkg/mod/github.com/gin-gonic/gin@v1.6.3/gin.go:409 (0x1566bd9)
	(*Engine).handleHTTPRequest: c.Next()
/Users/marathon/Work/mygo/pkg/mod/github.com/gin-gonic/gin@v1.6.3/gin.go:367 (0x15662cc)
	(*Engine).ServeHTTP: engine.handleHTTPRequest(c)
/usr/local/Cellar/go/1.15.2/libexec/src/net/http/server.go:2843 (0x12e8a02)
	serverHandler.ServeHTTP: handler.ServeHTTP(rw, req)
/usr/local/Cellar/go/1.15.2/libexec/src/net/http/server.go:1925 (0x12e410c)
	(*conn).serve: serverHandler{c.server}.ServeHTTP(w, w.req)
/usr/local/Cellar/go/1.15.2/libexec/src/runtime/asm_amd64.s:1374 (0x106bf20)
	goexit: BYTE	$0x90	// NOP
[0m

2020-10-26T22:21:44.728+0800	ERROR	api/entrance.go:48	

[31m2020/10/26 22:21:44 [Recovery] 2020/10/26 - 22:21:44 panic recovered:
GET /api/articles HTTP/1.1
Host: 127.0.0.1:8080
Accept: */*
Accept-Encoding: gzip, deflate, br
Accept-Language: zh-CN,zh;q=0.9
Cache-Control: no-cache
Connection: keep-alive
Postman-Token: 2b0b6d3a-bd12-996c-9b10-309408b3b725
Sec-Fetch-Dest: empty
Sec-Fetch-Mode: cors
Sec-Fetch-Site: none
User-Agent: Mozilla/5.0 (Macintosh; Intel Mac OS X 10_15_4) AppleWebKit/537.36 (KHTML, like Gecko) Chrome/86.0.4240.111 Safari/537.36
X-Postman-Interceptor-Id: 61b82ff5-369a-e72a-eaee-4bee31ec6f4f


runtime error: invalid memory address or nil pointer dereference
/usr/local/Cellar/go/1.15.2/libexec/src/runtime/panic.go:212 (0x104cb52)
	panicmem: panic(memoryError)
/usr/local/Cellar/go/1.15.2/libexec/src/runtime/signal_unix.go:720 (0x104c9d2)
	sigpanic: panicmem()
/Users/marathon/Work/mygo/src/github.com/nk-akun/NeighborBBS/service/articles.go:41 (0x165e4ad)
	(*articleService).GetArticleList: articleResp.ArticleList[i].ArticleID = articles[i].ID
/Users/marathon/Work/mygo/src/github.com/nk-akun/NeighborBBS/api/guest/articles.go:50 (0x165f764)
	GetArticleList: resp, err := service.ArticleService.GetArticleList(limitNum, sortby, func(order string) bool {
/Users/marathon/Work/mygo/pkg/mod/github.com/gin-gonic/gin@v1.6.3/context.go:161 (0x155cbba)
	(*Context).Next: c.handlers[c.index](c)
/Users/marathon/Work/mygo/src/github.com/nk-akun/NeighborBBS/middleware/middleware.go:58 (0x16602a4)
	ReponseHandler.func1: c.Next()
/Users/marathon/Work/mygo/pkg/mod/github.com/gin-gonic/gin@v1.6.3/context.go:161 (0x155cbba)
	(*Context).Next: c.handlers[c.index](c)
/Users/marathon/Work/mygo/src/github.com/nk-akun/NeighborBBS/middleware/middleware.go:50 (0x165fd96)
	JSONRequestContextHandler.func1: c.Next()
/Users/marathon/Work/mygo/pkg/mod/github.com/gin-gonic/gin@v1.6.3/context.go:161 (0x155cbba)
	(*Context).Next: c.handlers[c.index](c)
/Users/marathon/Work/mygo/pkg/mod/github.com/gin-gonic/gin@v1.6.3/recovery.go:83 (0x156f864)
	RecoveryWithWriter.func1: c.Next()
/Users/marathon/Work/mygo/pkg/mod/github.com/gin-gonic/gin@v1.6.3/context.go:161 (0x155cbba)
	(*Context).Next: c.handlers[c.index](c)
/Users/marathon/Work/mygo/pkg/mod/github.com/gin-gonic/gin@v1.6.3/gin.go:409 (0x1566bd9)
	(*Engine).handleHTTPRequest: c.Next()
/Users/marathon/Work/mygo/pkg/mod/github.com/gin-gonic/gin@v1.6.3/gin.go:367 (0x15662cc)
	(*Engine).ServeHTTP: engine.handleHTTPRequest(c)
/usr/local/Cellar/go/1.15.2/libexec/src/net/http/server.go:2843 (0x12e8a02)
	serverHandler.ServeHTTP: handler.ServeHTTP(rw, req)
/usr/local/Cellar/go/1.15.2/libexec/src/net/http/server.go:1925 (0x12e410c)
	(*conn).serve: serverHandler{c.server}.ServeHTTP(w, w.req)
/usr/local/Cellar/go/1.15.2/libexec/src/runtime/asm_amd64.s:1374 (0x106bf20)
	goexit: BYTE	$0x90	// NOP
[0m

2020-10-26T22:21:56.145+0800	ERROR	api/entrance.go:48	

[31m2020/10/26 22:21:56 [Recovery] 2020/10/26 - 22:21:56 panic recovered:
GET /api/articles HTTP/1.1
Host: 127.0.0.1:8080
Accept: */*
Accept-Encoding: gzip, deflate, br
Accept-Language: zh-CN,zh;q=0.9
Cache-Control: no-cache
Connection: keep-alive
Postman-Token: 6a9cf1c2-1dae-57ef-6525-8573aa93ff07
Sec-Fetch-Dest: empty
Sec-Fetch-Mode: cors
Sec-Fetch-Site: none
User-Agent: Mozilla/5.0 (Macintosh; Intel Mac OS X 10_15_4) AppleWebKit/537.36 (KHTML, like Gecko) Chrome/86.0.4240.111 Safari/537.36
X-Postman-Interceptor-Id: 7e070c30-d4ff-3a86-6e59-0df214bd3249


reflect: reflect.Value.Set using unaddressable value
/usr/local/Cellar/go/1.15.2/libexec/src/reflect/value.go:259 (0x109d917)
	flag.mustBeAssignableSlow: panic("reflect: " + methodNameSkip() + " using unaddressable value")
/usr/local/Cellar/go/1.15.2/libexec/src/reflect/value.go:246 (0x10a3ffa)
	flag.mustBeAssignable: f.mustBeAssignableSlow()
/usr/local/Cellar/go/1.15.2/libexec/src/reflect/value.go:1548 (0x10a3fe1)
	Value.Set: v.mustBeAssignable()
/Users/marathon/Work/mygo/pkg/mod/gorm.io/gorm@v1.20.2/scan.go:109 (0x15cff5c)
	Scan: db.Statement.ReflectValue.Set(reflect.MakeSlice(db.Statement.ReflectValue.Type(), 0, 0))
/Users/marathon/Work/mygo/pkg/mod/gorm.io/gorm@v1.20.2/callbacks/query.go:34 (0x1648d64)
	Query: gorm.Scan(rows, db, false)
/Users/marathon/Work/mygo/pkg/mod/gorm.io/gorm@v1.20.2/callbacks.go:101 (0x15c205c)
	(*processor).Execute: f(db)
/Users/marathon/Work/mygo/pkg/mod/gorm.io/gorm@v1.20.2/finisher_api.go:113 (0x15c75b9)
	(*DB).Find: tx.callbacks.Query().Execute(tx)
/Users/marathon/Work/mygo/src/github.com/nk-akun/NeighborBBS/repository/article_repo.go:35 (0x15e2264)
	(*articleRepository).GetArticleFields: db.Select(fields).Order(fmt.Sprintf("%s %s", sortby, order)).Limit(limit).Find(articles)
/Users/marathon/Work/mygo/src/github.com/nk-akun/NeighborBBS/service/articles.go:36 (0x165e40d)
	(*articleService).GetArticleList: articles := repository.ArticleRepository.GetArticleFields(util.DB(), fields, limit, sortby, asc)
/Users/marathon/Work/mygo/src/github.com/nk-akun/NeighborBBS/api/guest/articles.go:50 (0x165f764)
	GetArticleList: resp, err := service.ArticleService.GetArticleList(limitNum, sortby, func(order string) bool {
/Users/marathon/Work/mygo/pkg/mod/github.com/gin-gonic/gin@v1.6.3/context.go:161 (0x155cbba)
	(*Context).Next: c.handlers[c.index](c)
/Users/marathon/Work/mygo/src/github.com/nk-akun/NeighborBBS/middleware/middleware.go:58 (0x16602a4)
	ReponseHandler.func1: c.Next()
/Users/marathon/Work/mygo/pkg/mod/github.com/gin-gonic/gin@v1.6.3/context.go:161 (0x155cbba)
	(*Context).Next: c.handlers[c.index](c)
/Users/marathon/Work/mygo/src/github.com/nk-akun/NeighborBBS/middleware/middleware.go:50 (0x165fd96)
	JSONRequestContextHandler.func1: c.Next()
/Users/marathon/Work/mygo/pkg/mod/github.com/gin-gonic/gin@v1.6.3/context.go:161 (0x155cbba)
	(*Context).Next: c.handlers[c.index](c)
/Users/marathon/Work/mygo/pkg/mod/github.com/gin-gonic/gin@v1.6.3/recovery.go:83 (0x156f864)
	RecoveryWithWriter.func1: c.Next()
/Users/marathon/Work/mygo/pkg/mod/github.com/gin-gonic/gin@v1.6.3/context.go:161 (0x155cbba)
	(*Context).Next: c.handlers[c.index](c)
/Users/marathon/Work/mygo/pkg/mod/github.com/gin-gonic/gin@v1.6.3/gin.go:409 (0x1566bd9)
	(*Engine).handleHTTPRequest: c.Next()
/Users/marathon/Work/mygo/pkg/mod/github.com/gin-gonic/gin@v1.6.3/gin.go:367 (0x15662cc)
	(*Engine).ServeHTTP: engine.handleHTTPRequest(c)
/usr/local/Cellar/go/1.15.2/libexec/src/net/http/server.go:2843 (0x12e8a02)
	serverHandler.ServeHTTP: handler.ServeHTTP(rw, req)
/usr/local/Cellar/go/1.15.2/libexec/src/net/http/server.go:1925 (0x12e410c)
	(*conn).serve: serverHandler{c.server}.ServeHTTP(w, w.req)
/usr/local/Cellar/go/1.15.2/libexec/src/runtime/asm_amd64.s:1374 (0x106bf20)
	goexit: BYTE	$0x90	// NOP
[0m

2020-10-26T22:23:44.867+0800	ERROR	api/entrance.go:48	

[31m2020/10/26 22:23:44 [Recovery] 2020/10/26 - 22:23:44 panic recovered:
GET /api/articles HTTP/1.1
Host: 127.0.0.1:8080
Accept: */*
Accept-Encoding: gzip, deflate, br
Accept-Language: zh-CN,zh;q=0.9
Cache-Control: no-cache
Connection: keep-alive
Postman-Token: a0daef9e-ed0e-f608-6863-308f4369fa74
Sec-Fetch-Dest: empty
Sec-Fetch-Mode: cors
Sec-Fetch-Site: none
User-Agent: Mozilla/5.0 (Macintosh; Intel Mac OS X 10_15_4) AppleWebKit/537.36 (KHTML, like Gecko) Chrome/86.0.4240.111 Safari/537.36
X-Postman-Interceptor-Id: 23de1698-2f1d-72ca-6089-8a70a88340fc


runtime error: invalid memory address or nil pointer dereference
/usr/local/Cellar/go/1.15.2/libexec/src/runtime/panic.go:212 (0x104cb52)
	panicmem: panic(memoryError)
/usr/local/Cellar/go/1.15.2/libexec/src/runtime/signal_unix.go:720 (0x104c9d2)
	sigpanic: panicmem()
/Users/marathon/Work/mygo/src/github.com/nk-akun/NeighborBBS/service/articles.go:41 (0x165e4ad)
	(*articleService).GetArticleList: articleResp.ArticleList[i].ArticleID = articles[i].ID
/Users/marathon/Work/mygo/src/github.com/nk-akun/NeighborBBS/api/guest/articles.go:50 (0x165f764)
	GetArticleList: resp, err := service.ArticleService.GetArticleList(limitNum, sortby, func(order string) bool {
/Users/marathon/Work/mygo/pkg/mod/github.com/gin-gonic/gin@v1.6.3/context.go:161 (0x155cbba)
	(*Context).Next: c.handlers[c.index](c)
/Users/marathon/Work/mygo/src/github.com/nk-akun/NeighborBBS/middleware/middleware.go:58 (0x16602a4)
	ReponseHandler.func1: c.Next()
/Users/marathon/Work/mygo/pkg/mod/github.com/gin-gonic/gin@v1.6.3/context.go:161 (0x155cbba)
	(*Context).Next: c.handlers[c.index](c)
/Users/marathon/Work/mygo/src/github.com/nk-akun/NeighborBBS/middleware/middleware.go:50 (0x165fd96)
	JSONRequestContextHandler.func1: c.Next()
/Users/marathon/Work/mygo/pkg/mod/github.com/gin-gonic/gin@v1.6.3/context.go:161 (0x155cbba)
	(*Context).Next: c.handlers[c.index](c)
/Users/marathon/Work/mygo/pkg/mod/github.com/gin-gonic/gin@v1.6.3/recovery.go:83 (0x156f864)
	RecoveryWithWriter.func1: c.Next()
/Users/marathon/Work/mygo/pkg/mod/github.com/gin-gonic/gin@v1.6.3/context.go:161 (0x155cbba)
	(*Context).Next: c.handlers[c.index](c)
/Users/marathon/Work/mygo/pkg/mod/github.com/gin-gonic/gin@v1.6.3/gin.go:409 (0x1566bd9)
	(*Engine).handleHTTPRequest: c.Next()
/Users/marathon/Work/mygo/pkg/mod/github.com/gin-gonic/gin@v1.6.3/gin.go:367 (0x15662cc)
	(*Engine).ServeHTTP: engine.handleHTTPRequest(c)
/usr/local/Cellar/go/1.15.2/libexec/src/net/http/server.go:2843 (0x12e8a02)
	serverHandler.ServeHTTP: handler.ServeHTTP(rw, req)
/usr/local/Cellar/go/1.15.2/libexec/src/net/http/server.go:1925 (0x12e410c)
	(*conn).serve: serverHandler{c.server}.ServeHTTP(w, w.req)
/usr/local/Cellar/go/1.15.2/libexec/src/runtime/asm_amd64.s:1374 (0x106bf20)
	goexit: BYTE	$0x90	// NOP
[0m

2020-10-27T10:35:26.109+0800	ERROR	api/entrance.go:48	

[31m2020/10/27 10:35:26 [Recovery] 2020/10/27 - 10:35:26 panic recovered:
GET /api/articles HTTP/1.1
Host: 127.0.0.1:8080
Accept: */*
Accept-Encoding: gzip, deflate, br
Accept-Language: zh-CN,zh;q=0.9
Cache-Control: no-cache
Connection: keep-alive
Postman-Token: 5306b20c-b747-f4b2-fd5a-1167700b8d33
Sec-Fetch-Dest: empty
Sec-Fetch-Mode: cors
Sec-Fetch-Site: none
User-Agent: Mozilla/5.0 (Macintosh; Intel Mac OS X 10_15_4) AppleWebKit/537.36 (KHTML, like Gecko) Chrome/86.0.4240.111 Safari/537.36
X-Postman-Interceptor-Id: 11a59565-cde3-6c34-763b-0e5eab0f6c2d


runtime error: invalid memory address or nil pointer dereference
/usr/local/Cellar/go/1.15.2/libexec/src/runtime/panic.go:212 (0x104cb52)
	panicmem: panic(memoryError)
/usr/local/Cellar/go/1.15.2/libexec/src/runtime/signal_unix.go:720 (0x104c9d2)
	sigpanic: panicmem()
/Users/marathon/Work/mygo/src/github.com/nk-akun/NeighborBBS/service/articles.go:41 (0x165e46d)
	(*articleService).GetArticleList: articleResp.ArticleList[i].ArticleID = articles[i].ID
/Users/marathon/Work/mygo/src/github.com/nk-akun/NeighborBBS/api/guest/articles.go:50 (0x165f724)
	GetArticleList: resp, err := service.ArticleService.GetArticleList(limitNum, sortby, func(order string) bool {
/Users/marathon/Work/mygo/pkg/mod/github.com/gin-gonic/gin@v1.6.3/context.go:161 (0x155cbba)
	(*Context).Next: c.handlers[c.index](c)
/Users/marathon/Work/mygo/src/github.com/nk-akun/NeighborBBS/middleware/middleware.go:58 (0x1660264)
	ReponseHandler.func1: c.Next()
/Users/marathon/Work/mygo/pkg/mod/github.com/gin-gonic/gin@v1.6.3/context.go:161 (0x155cbba)
	(*Context).Next: c.handlers[c.index](c)
/Users/marathon/Work/mygo/src/github.com/nk-akun/NeighborBBS/middleware/middleware.go:50 (0x165fd56)
	JSONRequestContextHandler.func1: c.Next()
/Users/marathon/Work/mygo/pkg/mod/github.com/gin-gonic/gin@v1.6.3/context.go:161 (0x155cbba)
	(*Context).Next: c.handlers[c.index](c)
/Users/marathon/Work/mygo/pkg/mod/github.com/gin-gonic/gin@v1.6.3/recovery.go:83 (0x156f864)
	RecoveryWithWriter.func1: c.Next()
/Users/marathon/Work/mygo/pkg/mod/github.com/gin-gonic/gin@v1.6.3/context.go:161 (0x155cbba)
	(*Context).Next: c.handlers[c.index](c)
/Users/marathon/Work/mygo/pkg/mod/github.com/gin-gonic/gin@v1.6.3/gin.go:409 (0x1566bd9)
	(*Engine).handleHTTPRequest: c.Next()
/Users/marathon/Work/mygo/pkg/mod/github.com/gin-gonic/gin@v1.6.3/gin.go:367 (0x15662cc)
	(*Engine).ServeHTTP: engine.handleHTTPRequest(c)
/usr/local/Cellar/go/1.15.2/libexec/src/net/http/server.go:2843 (0x12e8a02)
	serverHandler.ServeHTTP: handler.ServeHTTP(rw, req)
/usr/local/Cellar/go/1.15.2/libexec/src/net/http/server.go:1925 (0x12e410c)
	(*conn).serve: serverHandler{c.server}.ServeHTTP(w, w.req)
/usr/local/Cellar/go/1.15.2/libexec/src/runtime/asm_amd64.s:1374 (0x106bf20)
	goexit: BYTE	$0x90	// NOP
[0m

2020-10-27T10:40:01.171+0800	INFO	middleware/middleware.go:61	The time cost is 0
2020-10-27T10:46:19.285+0800	INFO	middleware/middleware.go:61	The time cost is 3
2020-10-27T10:46:41.307+0800	INFO	middleware/middleware.go:61	The time cost is 0
2020-10-27T10:47:04.976+0800	INFO	middleware/middleware.go:61	The time cost is 0
2020-10-27T10:47:24.481+0800	INFO	middleware/middleware.go:61	The time cost is 0
2020-10-27T10:47:44.682+0800	INFO	middleware/middleware.go:61	The time cost is 0
2020-10-27T10:48:07.032+0800	INFO	middleware/middleware.go:61	The time cost is 0
2020-10-27T10:48:25.273+0800	INFO	middleware/middleware.go:61	The time cost is 0
2020-10-27T10:48:50.849+0800	INFO	middleware/middleware.go:61	The time cost is 0
2020-10-27T10:49:01.543+0800	INFO	middleware/middleware.go:61	The time cost is 0
2020-10-27T10:49:11.704+0800	INFO	middleware/middleware.go:61	The time cost is 0
2020-10-27T10:49:16.255+0800	INFO	middleware/middleware.go:61	The time cost is 0
2020-10-27T10:55:29.442+0800	INFO	middleware/middleware.go:61	The time cost is 0
2020-10-27T10:55:35.824+0800	INFO	middleware/middleware.go:61	The time cost is 0
2020-10-27T10:59:32.586+0800	INFO	middleware/middleware.go:61	The time cost is 0
2020-10-27T10:59:57.291+0800	INFO	middleware/middleware.go:61	The time cost is 0
2020-10-27T11:00:01.457+0800	INFO	middleware/middleware.go:61	The time cost is 0
